# JRE version: OpenJDK Runtime Environment (21.0.5) (build 21.0.5+-12932927-b750.29)
# Java VM: OpenJDK 64-Bit Server VM (21.0.5+-12932927-b750.29, mixed mode, tiered, compressed oops, compressed class ptrs, g1 gc, windows-amd64)
GC Precious Log:
 CardTable entry size: 512
 Card Set container configuration: InlinePtr #cards 5 size 8 Array Of Cards #cards 12 size 40 Howl #buckets 4 coarsen threshold 1843 Howl Bitmap #cards 512 size 80 coarsen threshold 460 Card regions per heap region 1 cards per card region 2048
 CPUs: 4 total, 4 available
 Memory: 8051M
 Large Page Support: Disabled
 NUMA Support: Disabled
 Compressed Oops: Enabled (32-bit)
 Heap Region Size: 1M
 Heap Min Capacity: 8M
 Heap Initial Capacity: 126M
 Heap Max Capacity: 2G
 Pre-touch: Disabled
 Parallel Workers: 4
 Concurrent Workers: 1
 Concurrent Refinement Workers: 4
 Periodic GC: Disabled
Heap:
 garbage-first heap   total 510976K, used 274416K [0x0000000080000000, 0x0000000100000000)
  region size 1024K, 12 young (12288K), 12 survivors (12288K)
 Metaspace       used 140751K, committed 143040K, reserved 1179648K
  class space    used 18976K, committed 20160K, reserved 1048576K
GC Heap History (20 events):
Event: 71.986 GC heap after
{Heap after GC invocations=104 (full 0):
 garbage-first heap   total 510976K, used 274627K [0x0000000080000000, 0x0000000100000000)
  region size 1024K, 13 young (13312K), 13 survivors (13312K)
 Metaspace       used 140594K, committed 142848K, reserved 1179648K
  class space    used 18966K, committed 20096K, reserved 1048576K
}
Event: 72.720 GC heap before
{Heap before GC invocations=104 (full 0):
 garbage-first heap   total 510976K, used 471235K [0x0000000080000000, 0x0000000100000000)
  region size 1024K, 204 young (208896K), 13 survivors (13312K)
 Metaspace       used 140623K, committed 142912K, reserved 1179648K
  class space    used 18970K, committed 20096K, reserved 1048576K
}
Event: 72.733 GC heap after
{Heap after GC invocations=105 (full 0):
 garbage-first heap   total 510976K, used 266572K [0x0000000080000000, 0x0000000100000000)
  region size 1024K, 9 young (9216K), 9 survivors (9216K)
 Metaspace       used 140623K, committed 142912K, reserved 1179648K
  class space    used 18970K, committed 20096K, reserved 1048576K
}
Event: 73.168 GC heap before
{Heap before GC invocations=105 (full 0):
 garbage-first heap   total 510976K, used 473420K [0x0000000080000000, 0x0000000100000000)
  region size 1024K, 212 young (217088K), 9 survivors (9216K)
 Metaspace       used 140640K, committed 142912K, reserved 1179648K
  class space    used 18971K, committed 20096K, reserved 1048576K
}
Event: 73.176 GC heap after
{Heap after GC invocations=106 (full 0):
 garbage-first heap   total 510976K, used 265996K [0x0000000080000000, 0x0000000100000000)
  region size 1024K, 9 young (9216K), 9 survivors (9216K)
 Metaspace       used 140640K, committed 142912K, reserved 1179648K
  class space    used 18971K, committed 20096K, reserved 1048576K
}
Event: 73.907 GC heap before
{Heap before GC invocations=107 (full 0):
 garbage-first heap   total 510976K, used 473868K [0x0000000080000000, 0x0000000100000000)
  region size 1024K, 212 young (217088K), 9 survivors (9216K)
 Metaspace       used 140645K, committed 142912K, reserved 1179648K
  class space    used 18971K, committed 20096K, reserved 1048576K
}
Event: 73.918 GC heap after
{Heap after GC invocations=108 (full 0):
 garbage-first heap   total 510976K, used 268652K [0x0000000080000000, 0x0000000100000000)
  region size 1024K, 11 young (11264K), 11 survivors (11264K)
 Metaspace       used 140645K, committed 142912K, reserved 1179648K
  class space    used 18971K, committed 20096K, reserved 1048576K
}
Event: 74.481 GC heap before
{Heap before GC invocations=108 (full 0):
 garbage-first heap   total 510976K, used 472428K [0x0000000080000000, 0x0000000100000000)
  region size 1024K, 210 young (215040K), 11 survivors (11264K)
 Metaspace       used 140688K, committed 143040K, reserved 1179648K
  class space    used 18974K, committed 20160K, reserved 1048576K
}
Event: 74.495 GC heap after
{Heap after GC invocations=109 (full 0):
 garbage-first heap   total 510976K, used 265039K [0x0000000080000000, 0x0000000100000000)
  region size 1024K, 11 young (11264K), 11 survivors (11264K)
 Metaspace       used 140688K, committed 143040K, reserved 1179648K
  class space    used 18974K, committed 20160K, reserved 1048576K
}
Event: 75.481 GC heap before
{Heap before GC invocations=109 (full 0):
 garbage-first heap   total 510976K, used 472911K [0x0000000080000000, 0x0000000100000000)
  region size 1024K, 214 young (219136K), 11 survivors (11264K)
 Metaspace       used 140699K, committed 143040K, reserved 1179648K
  class space    used 18974K, committed 20160K, reserved 1048576K
}
Event: 75.493 GC heap after
{Heap after GC invocations=110 (full 0):
 garbage-first heap   total 510976K, used 267011K [0x0000000080000000, 0x0000000100000000)
  region size 1024K, 12 young (12288K), 12 survivors (12288K)
 Metaspace       used 140699K, committed 143040K, reserved 1179648K
  class space    used 18974K, committed 20160K, reserved 1048576K
}
Event: 76.463 GC heap before
{Heap before GC invocations=111 (full 0):
 garbage-first heap   total 510976K, used 476931K [0x0000000080000000, 0x0000000100000000)
  region size 1024K, 212 young (217088K), 12 survivors (12288K)
 Metaspace       used 140711K, committed 143040K, reserved 1179648K
  class space    used 18974K, committed 20160K, reserved 1048576K
}
Event: 76.473 GC heap after
{Heap after GC invocations=112 (full 0):
 garbage-first heap   total 510976K, used 264579K [0x0000000080000000, 0x0000000100000000)
  region size 1024K, 9 young (9216K), 9 survivors (9216K)
 Metaspace       used 140711K, committed 143040K, reserved 1179648K
  class space    used 18974K, committed 20160K, reserved 1048576K
}
Event: 78.142 GC heap before
{Heap before GC invocations=112 (full 0):
 garbage-first heap   total 510976K, used 474499K [0x0000000080000000, 0x0000000100000000)
  region size 1024K, 214 young (219136K), 9 survivors (9216K)
 Metaspace       used 140737K, committed 143040K, reserved 1179648K
  class space    used 18976K, committed 20160K, reserved 1048576K
}
Event: 78.163 GC heap after
{Heap after GC invocations=113 (full 0):
 garbage-first heap   total 510976K, used 269272K [0x0000000080000000, 0x0000000100000000)
  region size 1024K, 19 young (19456K), 19 survivors (19456K)
 Metaspace       used 140737K, committed 143040K, reserved 1179648K
  class space    used 18976K, committed 20160K, reserved 1048576K
}
Event: 78.834 GC heap before
{Heap before GC invocations=113 (full 0):
 garbage-first heap   total 510976K, used 463832K [0x0000000080000000, 0x0000000100000000)
  region size 1024K, 209 young (214016K), 19 survivors (19456K)
 Metaspace       used 140740K, committed 143040K, reserved 1179648K
  class space    used 18976K, committed 20160K, reserved 1048576K
}
Event: 78.857 GC heap after
{Heap after GC invocations=114 (full 0):
 garbage-first heap   total 510976K, used 276862K [0x0000000080000000, 0x0000000100000000)
  region size 1024K, 22 young (22528K), 22 survivors (22528K)
 Metaspace       used 140740K, committed 143040K, reserved 1179648K
  class space    used 18976K, committed 20160K, reserved 1048576K
}
Event: 79.567 GC heap before
{Heap before GC invocations=115 (full 0):
 garbage-first heap   total 510976K, used 461182K [0x0000000080000000, 0x0000000100000000)
  region size 1024K, 202 young (206848K), 22 survivors (22528K)
 Metaspace       used 140749K, committed 143040K, reserved 1179648K
  class space    used 18976K, committed 20160K, reserved 1048576K
}
Event: 79.582 GC heap after
{Heap after GC invocations=116 (full 0):
 garbage-first heap   total 510976K, used 277928K [0x0000000080000000, 0x0000000100000000)
  region size 1024K, 10 young (10240K), 10 survivors (10240K)
 Metaspace       used 140749K, committed 143040K, reserved 1179648K
  class space    used 18976K, committed 20160K, reserved 1048576K
}
Event: 79.744 GC heap before
{Heap before GC invocations=116 (full 0):
 garbage-first heap   total 510976K, used 473512K [0x0000000080000000, 0x0000000100000000)
  region size 1024K, 201 young (205824K), 10 survivors (10240K)
 Metaspace       used 140751K, committed 143040K, reserved 1179648K
  class space    used 18976K, committed 20160K, reserved 1048576K
}

