# JRE version: OpenJDK Runtime Environment (21.0.5) (build 21.0.5+-12932927-b750.29)
# Java VM: OpenJDK 64-Bit Server VM (21.0.5+-12932927-b750.29, mixed mode, tiered, compressed oops, compressed class ptrs, g1 gc, windows-amd64)
GC Precious Log:
 CardTable entry size: 512
 Card Set container configuration: InlinePtr #cards 5 size 8 Array Of Cards #cards 12 size 40 Howl #buckets 4 coarsen threshold 1843 Howl Bitmap #cards 512 size 80 coarsen threshold 460 Card regions per heap region 1 cards per card region 2048
 CPUs: 4 total, 4 available
 Memory: 8051M
 Large Page Support: Disabled
 NUMA Support: Disabled
 Compressed Oops: Enabled (32-bit)
 Heap Region Size: 1M
 Heap Min Capacity: 8M
 Heap Initial Capacity: 126M
 Heap Max Capacity: 2G
 Pre-touch: Disabled
 Parallel Workers: 4
 Concurrent Workers: 1
 Concurrent Refinement Workers: 4
 Periodic GC: Disabled
Heap:
 garbage-first heap   total 507904K, used 437135K [0x0000000080000000, 0x0000000100000000)
  region size 1024K, 162 young (165888K), 10 survivors (10240K)
 Metaspace       used 159811K, committed 162176K, reserved 1245184K
  class space    used 20693K, committed 21888K, reserved 1048576K
GC Heap History (20 events):
Event: 123.219 GC heap before
{Heap before GC invocations=109 (full 0):
 garbage-first heap   total 270336K, used 241001K [0x0000000080000000, 0x0000000100000000)
  region size 1024K, 96 young (98304K), 14 survivors (14336K)
 Metaspace       used 147758K, committed 150080K, reserved 1179648K
  class space    used 19098K, committed 20288K, reserved 1048576K
}
Event: 123.241 GC heap after
{Heap after GC invocations=110 (full 0):
 garbage-first heap   total 272384K, used 172032K [0x0000000080000000, 0x0000000100000000)
  region size 1024K, 12 young (12288K), 12 survivors (12288K)
 Metaspace       used 147758K, committed 150080K, reserved 1179648K
  class space    used 19098K, committed 20288K, reserved 1048576K
}
Event: 123.775 GC heap before
{Heap before GC invocations=110 (full 0):
 garbage-first heap   total 272384K, used 245760K [0x0000000080000000, 0x0000000100000000)
  region size 1024K, 84 young (86016K), 12 survivors (12288K)
 Metaspace       used 149020K, committed 151360K, reserved 1245184K
  class space    used 19301K, committed 20480K, reserved 1048576K
}
Event: 123.797 GC heap after
{Heap after GC invocations=111 (full 0):
 garbage-first heap   total 328704K, used 186880K [0x0000000080000000, 0x0000000100000000)
  region size 1024K, 11 young (11264K), 11 survivors (11264K)
 Metaspace       used 149020K, committed 151360K, reserved 1245184K
  class space    used 19301K, committed 20480K, reserved 1048576K
}
Event: 124.610 GC heap before
{Heap before GC invocations=112 (full 0):
 garbage-first heap   total 328704K, used 288256K [0x0000000080000000, 0x0000000100000000)
  region size 1024K, 110 young (112640K), 11 survivors (11264K)
 Metaspace       used 150040K, committed 152384K, reserved 1245184K
  class space    used 19464K, committed 20672K, reserved 1048576K
}
Event: 124.639 GC heap after
{Heap after GC invocations=113 (full 0):
 garbage-first heap   total 328704K, used 210944K [0x0000000080000000, 0x0000000100000000)
  region size 1024K, 14 young (14336K), 14 survivors (14336K)
 Metaspace       used 150040K, committed 152384K, reserved 1245184K
  class space    used 19464K, committed 20672K, reserved 1048576K
}
Event: 125.445 GC heap before
{Heap before GC invocations=113 (full 0):
 garbage-first heap   total 328704K, used 289792K [0x0000000080000000, 0x0000000100000000)
  region size 1024K, 91 young (93184K), 14 survivors (14336K)
 Metaspace       used 151375K, committed 153664K, reserved 1245184K
  class space    used 19619K, committed 20800K, reserved 1048576K
}
Event: 125.489 GC heap after
{Heap after GC invocations=114 (full 0):
 garbage-first heap   total 328704K, used 228352K [0x0000000080000000, 0x0000000100000000)
  region size 1024K, 12 young (12288K), 12 survivors (12288K)
 Metaspace       used 151375K, committed 153664K, reserved 1245184K
  class space    used 19619K, committed 20800K, reserved 1048576K
}
Event: 126.173 GC heap before
{Heap before GC invocations=114 (full 0):
 garbage-first heap   total 328704K, used 293888K [0x0000000080000000, 0x0000000100000000)
  region size 1024K, 77 young (78848K), 12 survivors (12288K)
 Metaspace       used 152820K, committed 155136K, reserved 1245184K
  class space    used 19807K, committed 20992K, reserved 1048576K
}
Event: 126.192 GC heap after
{Heap after GC invocations=115 (full 0):
 garbage-first heap   total 328704K, used 243712K [0x0000000080000000, 0x0000000100000000)
  region size 1024K, 10 young (10240K), 10 survivors (10240K)
 Metaspace       used 152820K, committed 155136K, reserved 1245184K
  class space    used 19807K, committed 20992K, reserved 1048576K
}
Event: 126.582 GC heap before
{Heap before GC invocations=115 (full 0):
 garbage-first heap   total 406528K, used 299008K [0x0000000080000000, 0x0000000100000000)
  region size 1024K, 64 young (65536K), 10 survivors (10240K)
 Metaspace       used 152864K, committed 155200K, reserved 1245184K
  class space    used 19812K, committed 20992K, reserved 1048576K
}
Event: 126.600 GC heap after
{Heap after GC invocations=116 (full 0):
 garbage-first heap   total 406528K, used 255488K [0x0000000080000000, 0x0000000100000000)
  region size 1024K, 8 young (8192K), 8 survivors (8192K)
 Metaspace       used 152864K, committed 155200K, reserved 1245184K
  class space    used 19812K, committed 20992K, reserved 1048576K
}
Event: 127.245 GC heap before
{Heap before GC invocations=117 (full 0):
 garbage-first heap   total 406528K, used 355840K [0x0000000080000000, 0x0000000100000000)
  region size 1024K, 106 young (108544K), 8 survivors (8192K)
 Metaspace       used 154177K, committed 156544K, reserved 1245184K
  class space    used 20028K, committed 21248K, reserved 1048576K
}
Event: 127.269 GC heap after
{Heap after GC invocations=118 (full 0):
 garbage-first heap   total 406528K, used 273408K [0x0000000080000000, 0x0000000100000000)
  region size 1024K, 14 young (14336K), 14 survivors (14336K)
 Metaspace       used 154177K, committed 156544K, reserved 1245184K
  class space    used 20028K, committed 21248K, reserved 1048576K
}
Event: 128.749 GC heap before
{Heap before GC invocations=118 (full 0):
 garbage-first heap   total 406528K, used 362496K [0x0000000080000000, 0x0000000100000000)
  region size 1024K, 101 young (103424K), 14 survivors (14336K)
 Metaspace       used 158248K, committed 160640K, reserved 1245184K
  class space    used 20587K, committed 21824K, reserved 1048576K
}
Event: 128.770 GC heap after
{Heap after GC invocations=119 (full 0):
 garbage-first heap   total 507904K, used 280576K [0x0000000080000000, 0x0000000100000000)
  region size 1024K, 8 young (8192K), 8 survivors (8192K)
 Metaspace       used 158248K, committed 160640K, reserved 1245184K
  class space    used 20587K, committed 21824K, reserved 1048576K
}
Event: 130.631 GC heap before
{Heap before GC invocations=119 (full 0):
 garbage-first heap   total 507904K, used 436224K [0x0000000080000000, 0x0000000100000000)
  region size 1024K, 160 young (163840K), 8 survivors (8192K)
 Metaspace       used 159477K, committed 161856K, reserved 1245184K
  class space    used 20673K, committed 21888K, reserved 1048576K
}
Event: 130.638 GC heap after
{Heap after GC invocations=120 (full 0):
 garbage-first heap   total 507904K, used 281473K [0x0000000080000000, 0x0000000100000000)
  region size 1024K, 9 young (9216K), 9 survivors (9216K)
 Metaspace       used 159477K, committed 161856K, reserved 1245184K
  class space    used 20673K, committed 21888K, reserved 1048576K
}
Event: 132.184 GC heap before
{Heap before GC invocations=120 (full 0):
 garbage-first heap   total 507904K, used 460673K [0x0000000080000000, 0x0000000100000000)
  region size 1024K, 184 young (188416K), 9 survivors (9216K)
 Metaspace       used 159742K, committed 162112K, reserved 1245184K
  class space    used 20687K, committed 21888K, reserved 1048576K
}
Event: 132.196 GC heap after
{Heap after GC invocations=121 (full 0):
 garbage-first heap   total 507904K, used 282511K [0x0000000080000000, 0x0000000100000000)
  region size 1024K, 10 young (10240K), 10 survivors (10240K)
 Metaspace       used 159742K, committed 162112K, reserved 1245184K
  class space    used 20687K, committed 21888K, reserved 1048576K
}

